<?xml version="1.0" encoding="UTF-8"?>
<coverage generated="1710095242830" clover="3.2.0">
  <project timestamp="1710095242830" name="All files">
    <metrics statements="2" coveredstatements="2" conditionals="4" coveredconditionals="4" methods="1" coveredmethods="1" elements="7" coveredelements="7" complexity="0" loc="2" ncloc="2" packages="1" files="1" classes="1"/>
    <file name="sortingChar.js" path="C:\Users\Динислам\OneDrive\Рабочий стол\Л\ДЗ современный JS\homework-ci-2\src\sortingChar.js">
      <metrics statements="2" coveredstatements="2" conditionals="4" coveredconditionals="4" methods="1" coveredmethods="1"/>
      <line num="2" count="11" type="cond" truecount="4" falsecount="0"/>
      <line num="10" count="11" type="stmt"/>
    </file>
  </project>
</coverage>
