{"C:\\Users\\Динислам\\OneDrive\\Рабочий стол\\Л\\ДЗ современный JS\\homework-ci-2\\src\\sortingChar.js": {"path":"C:\\Users\\Динислам\\OneDrive\\Рабочий стол\\Л\\ДЗ современный JS\\homework-ci-2\\src\\sortingChar.js","statementMap":{"0":{"start":{"line":2,"column":24},"end":{"line":2,"column":83}},"1":{"start":{"line":10,"column":4},"end":{"line":10,"column":25}}},"fnMap":{"0":{"name":"sortingCharArray","decl":{"start":{"line":1,"column":24},"end":{"line":1,"column":40}},"loc":{"start":{"line":1,"column":47},"end":{"line":11,"column":1}},"line":1}},"branchMap":{"0":{"loc":{"start":{"line":2,"column":24},"end":{"line":2,"column":83}},"type":"cond-expr","locations":[{"start":{"line":2,"column":48},"end":{"line":2,"column":49}},{"start":{"line":2,"column":52},"end":{"line":2,"column":83}}],"line":2},"1":{"loc":{"start":{"line":2,"column":52},"end":{"line":2,"column":83}},"type":"cond-expr","locations":[{"start":{"line":2,"column":77},"end":{"line":2,"column":78}},{"start":{"line":2,"column":81},"end":{"line":2,"column":83}}],"line":2}},"s":{"0":11,"1":11},"f":{"0":11},"b":{"0":[4,7],"1":[1,6]},"_coverageSchema":"1a1c01bbd47fc00a2c39e90264f33305004495a9","hash":"8ac138f643c9c3418c4b104ef3d8ab974d1ee78c"}
}
